ProGuard, version 6.0.3
ProGuard is released under the GNU General Public License. You therefore
must ensure that programs that link to it (a, com.a4455jkjh.d, ...)
carry the GNU General Public License as well. Alternatively, you can
apply for an exception with the author of ProGuard.
Reading input...
Reading program directory [/storage/emulated/0/AppProjects/DocReader/app/build/bin/classesrelease_proguard]
Reading program jar [/data/data/com.aide.ui/no_backup/.aide/maven/com/android/support/support-fragment/27.1.1/support-fragment-27.1.1.tmp.jar]
Reading program jar [/data/data/com.aide.ui/no_backup/.aide/maven/com/android/support/support-compat/27.1.1/support-compat-27.1.1.tmp.jar]
Reading program jar [/data/data/com.aide.ui/no_backup/.aide/maven/com/android/support/support-annotations/27.1.1/support-annotations-27.1.1.jar]
Reading program jar [/data/data/com.aide.ui/no_backup/.aide/maven/com/android/support/recyclerview-v7/27.1.1/recyclerview-v7-27.1.1.tmp.jar]
Reading program jar [/data/data/com.aide.ui/no_backup/.aide/maven/com/android/support/support-core-ui/27.1.1/support-core-ui-27.1.1.tmp.jar]
Reading program jar [/data/data/com.aide.ui/no_backup/.aide/maven/es/voghdev/pdfviewpager/library/1.0.6/library-1.0.6.tmp.jar]
Reading program jar [/data/data/com.aide.ui/no_backup/.aide/maven/com/android/support/support-vector-drawable/27.1.1/support-vector-drawable-27.1.1.tmp.jar]
Reading program jar [/data/data/com.aide.ui/no_backup/.aide/maven/com/android/support/transition/27.1.1/transition-27.1.1.tmp.jar]
Reading program jar [/data/data/com.aide.ui/no_backup/.aide/maven/android/arch/lifecycle/viewmodel/1.1.0/viewmodel-1.1.0.tmp.jar]
Reading program jar [/data/data/com.aide.ui/no_backup/.aide/maven/com/github/barteksc/pdfium-android/1.7.1/pdfium-android-1.7.1.tmp.jar]
Reading program jar [/data/data/com.aide.ui/no_backup/.aide/maven/android/arch/lifecycle/common/1.1.0/common-1.1.0.jar]
Reading program jar [/data/data/com.aide.ui/no_backup/.aide/maven/com/github/barteksc/android-pdf-viewer/2.8.2/android-pdf-viewer-2.8.2.tmp.jar]
Reading program jar [/data/data/com.aide.ui/no_backup/.aide/maven/com/android/support/support-media-compat/27.1.1/support-media-compat-27.1.1.tmp.jar]
Reading program jar [/data/data/com.aide.ui/no_backup/.aide/maven/com/android/support/animated-vector-drawable/27.1.1/animated-vector-drawable-27.1.1.tmp.jar]
Reading program jar [/storage/emulated/0/AppProjects/DocReader/app/libs/common-1.1.0-1.jar]
Reading program jar [/data/data/com.aide.ui/no_backup/.aide/maven/com/android/support/support-core-utils/27.1.1/support-core-utils-27.1.1.tmp.jar]
Reading program jar [/data/data/com.aide.ui/no_backup/.aide/maven/android/arch/lifecycle/livedata-core/1.1.0/livedata-core-1.1.0.tmp.jar]
Reading program jar [/data/data/com.aide.ui/no_backup/.aide/maven/com/android/support/support-v4/27.1.1/support-v4-27.1.1.tmp.jar]
Reading program jar [/data/data/com.aide.ui/no_backup/.aide/maven/com/android/support/appcompat-v7/27.1.1/appcompat-v7-27.1.1.tmp.jar]
Reading program jar [/data/data/com.aide.ui/no_backup/.aide/maven/android/arch/core/runtime/1.1.0/runtime-1.1.0.tmp.jar]
Reading program jar [/data/data/com.aide.ui/no_backup/.aide/maven/com/android/support/design/27.1.1/design-27.1.1.tmp.jar]
Reading program jar [/data/data/com.aide.ui/no_backup/.aide/maven/android/arch/lifecycle/runtime/1.1.0/runtime-1.1.0.tmp.jar]
Reading library jar [/data/data/com.aide.ui/no_backup/.aide/android.jar]
Initializing...
Note: the configuration refers to the unknown class 'com.google.vending.licensing.ILicensingService'
Note: the configuration refers to the unknown class 'com.android.vending.licensing.ILicensingService'
Note: the configuration refers to the unknown class 'com.davemorrissey.labs.subscaleview.SubsamplingScaleImageView'
Note: the configuration refers to the unknown class 'com.github.barteksc.pdfviewer.PdfView'
Note: the configuration refers to the unknown class 'it.sephiroth.android.library.imagezoom.ImageViewTouch'
Note: android.support.v4.app.NotificationCompatJellybean calls 'Field.getType'
Warning: es.voghdev.pdfviewpager.library.adapter.PDFPagerAdapter: can't find referenced class com.davemorrissey.labs.subscaleview.SubsamplingScaleImageView
Warning: es.voghdev.pdfviewpager.library.adapter.PDFPagerAdapter: can't find referenced class com.davemorrissey.labs.subscaleview.ImageSource
Warning: es.voghdev.pdfviewpager.library.adapter.PDFPagerAdapter: can't find referenced class com.davemorrissey.labs.subscaleview.SubsamplingScaleImageView
Warning: es.voghdev.pdfviewpager.library.adapter.PDFPagerAdapter: can't find referenced class com.davemorrissey.labs.subscaleview.SubsamplingScaleImageView
Warning: es.voghdev.pdfviewpager.library.adapter.PDFPagerAdapter: can't find referenced class com.davemorrissey.labs.subscaleview.ImageSource
Warning: es.voghdev.pdfviewpager.library.adapter.PDFPagerAdapter: can't find referenced class com.davemorrissey.labs.subscaleview.SubsamplingScaleImageView
Note: android.support.transition.GhostViewApi21: can't find dynamically referenced class android.view.GhostView
Note: android.support.v4.graphics.TypefaceCompatApi24Impl: can't find dynamically referenced class android.graphics.FontFamily
Note: android.support.v4.graphics.TypefaceCompatApi26Impl: can't find dynamically referenced class android.graphics.FontFamily
Note: android.support.v4.media.ParceledListSliceAdapterApi21: can't find dynamically referenced class android.content.pm.ParceledListSlice
Note: android.support.v4.text.ICUCompat: can't find dynamically referenced class libcore.icu.ICU
Note: android.support.v4.text.ICUCompat: can't find dynamically referenced class libcore.icu.ICU
Note: android.support.v4.widget.TextViewCompat$TextViewCompatApi26Impl$1: can't find dynamically referenced class com.android.internal.view.menu.MenuBuilder
Note: android.support.v7.app.ResourcesFlusher: can't find dynamically referenced class android.content.res.ThemedResourceCache
Note: the configuration keeps the entry point 'android.support.design.internal.BottomNavigationMenuView { void setPresenter(android.support.design.internal.BottomNavigationPresenter); }', but not the descriptor class 'android.support.design.internal.BottomNavigationPresenter'
Note: the configuration keeps the entry point 'android.support.design.widget.BaseTransientBottomBar$SnackbarBaseLayout { void setOnLayoutChangeListener(android.support.design.widget.BaseTransientBottomBar$OnLayoutChangeListener); }', but not the descriptor class 'android.support.design.widget.BaseTransientBottomBar$OnLayoutChangeListener'
Note: the configuration keeps the entry point 'android.support.design.widget.BaseTransientBottomBar$SnackbarBaseLayout { void setOnAttachStateChangeListener(android.support.design.widget.BaseTransientBottomBar$OnAttachStateChangeListener); }', but not the descriptor class 'android.support.design.widget.BaseTransientBottomBar$OnAttachStateChangeListener'
Note: the configuration keeps the entry point 'android.support.design.widget.BottomNavigationView { void setOnNavigationItemSelectedListener(android.support.design.widget.BottomNavigationView$OnNavigationItemSelectedListener); }', but not the descriptor class 'android.support.design.widget.BottomNavigationView$OnNavigationItemSelectedListener'
Note: the configuration keeps the entry point 'android.support.design.widget.BottomNavigationView { void setOnNavigationItemReselectedListener(android.support.design.widget.BottomNavigationView$OnNavigationItemReselectedListener); }', but not the descriptor class 'android.support.design.widget.BottomNavigationView$OnNavigationItemReselectedListener'
Note: the configuration keeps the entry point 'android.support.design.widget.NavigationView { void setNavigationItemSelectedListener(android.support.design.widget.NavigationView$OnNavigationItemSelectedListener); }', but not the descriptor class 'android.support.design.widget.NavigationView$OnNavigationItemSelectedListener'
Note: the configuration keeps the entry point 'android.support.design.widget.TabLayout { void setOnTabSelectedListener(android.support.design.widget.TabLayout$OnTabSelectedListener); }', but not the descriptor class 'android.support.design.widget.TabLayout$OnTabSelectedListener'
Note: the configuration keeps the entry point 'android.support.design.widget.TabLayout { void setupWithViewPager(android.support.v4.view.ViewPager); }', but not the descriptor class 'android.support.v4.view.ViewPager'
Note: the configuration keeps the entry point 'android.support.design.widget.TabLayout { void setTabsFromPagerAdapter(android.support.v4.view.PagerAdapter); }', but not the descriptor class 'android.support.v4.view.PagerAdapter'
Note: the configuration keeps the entry point 'android.support.graphics.drawable.VectorDrawableCompat$VPath { void setPathData(android.support.v4.graphics.PathParser$PathDataNode[]); }', but not the descriptor class 'android.support.v4.graphics.PathParser$PathDataNode'
Note: the configuration keeps the entry point 'android.support.v4.view.ViewPager { void setAdapter(android.support.v4.view.PagerAdapter); }', but not the descriptor class 'android.support.v4.view.PagerAdapter'
Note: the configuration keeps the entry point 'android.support.v4.view.ViewPager { void setOnPageChangeListener(android.support.v4.view.ViewPager$OnPageChangeListener); }', but not the descriptor class 'android.support.v4.view.ViewPager$OnPageChangeListener'
Note: the configuration keeps the entry point 'android.support.v4.widget.DrawerLayout { void setDrawerListener(android.support.v4.widget.DrawerLayout$DrawerListener); }', but not the descriptor class 'android.support.v4.widget.DrawerLayout$DrawerListener'
Note: the configuration keeps the entry point 'android.support.v4.widget.NestedScrollView { void setOnScrollChangeListener(android.support.v4.widget.NestedScrollView$OnScrollChangeListener); }', but not the descriptor class 'android.support.v4.widget.NestedScrollView$OnScrollChangeListener'
Note: the configuration keeps the entry point 'android.support.v4.widget.SlidingPaneLayout { void setPanelSlideListener(android.support.v4.widget.SlidingPaneLayout$PanelSlideListener); }', but not the descriptor class 'android.support.v4.widget.SlidingPaneLayout$PanelSlideListener'
Note: the configuration keeps the entry point 'android.support.v4.widget.SwipeRefreshLayout { void setOnRefreshListener(android.support.v4.widget.SwipeRefreshLayout$OnRefreshListener); }', but not the descriptor class 'android.support.v4.widget.SwipeRefreshLayout$OnRefreshListener'
Note: the configuration keeps the entry point 'android.support.v4.widget.SwipeRefreshLayout { void setOnChildScrollUpCallback(android.support.v4.widget.SwipeRefreshLayout$OnChildScrollUpCallback); }', but not the descriptor class 'android.support.v4.widget.SwipeRefreshLayout$OnChildScrollUpCallback'
Note: the configuration keeps the entry point 'android.support.v7.view.menu.ActionMenuItemView { void setItemInvoker(android.support.v7.view.menu.MenuBuilder$ItemInvoker); }', but not the descriptor class 'android.support.v7.view.menu.MenuBuilder$ItemInvoker'
Note: the configuration keeps the entry point 'android.support.v7.view.menu.ActionMenuItemView { void setPopupCallback(android.support.v7.view.menu.ActionMenuItemView$PopupCallback); }', but not the descriptor class 'android.support.v7.view.menu.ActionMenuItemView$PopupCallback'
Note: the configuration keeps the entry point 'android.support.v7.widget.ActionBarContainer { void setTabContainer(android.support.v7.widget.ScrollingTabContainerView); }', but not the descriptor class 'android.support.v7.widget.ScrollingTabContainerView'
Note: the configuration keeps the entry point 'android.support.v7.widget.ActionBarOverlayLayout { void setActionBarVisibilityCallback(android.support.v7.widget.ActionBarOverlayLayout$ActionBarVisibilityCallback); }', but not the descriptor class 'android.support.v7.widget.ActionBarOverlayLayout$ActionBarVisibilityCallback'
Note: the configuration keeps the entry point 'android.support.v7.widget.ActionMenuView { void setPresenter(android.support.v7.widget.ActionMenuPresenter); }', but not the descriptor class 'android.support.v7.widget.ActionMenuPresenter'
Note: the configuration keeps the entry point 'android.support.v7.widget.ActionMenuView { void setOnMenuItemClickListener(android.support.v7.widget.ActionMenuView$OnMenuItemClickListener); }', but not the descriptor class 'android.support.v7.widget.ActionMenuView$OnMenuItemClickListener'
Note: the configuration keeps the entry point 'android.support.v7.widget.ActivityChooserView { void setActivityChooserModel(android.support.v7.widget.ActivityChooserModel); }', but not the descriptor class 'android.support.v7.widget.ActivityChooserModel'
Note: the configuration keeps the entry point 'android.support.v7.widget.ActivityChooserView { void setProvider(android.support.v4.view.ActionProvider); }', but not the descriptor class 'android.support.v4.view.ActionProvider'
Note: the configuration keeps the entry point 'android.support.v7.widget.ContentFrameLayout { void setAttachListener(android.support.v7.widget.ContentFrameLayout$OnAttachListener); }', but not the descriptor class 'android.support.v7.widget.ContentFrameLayout$OnAttachListener'
Note: the configuration keeps the entry point 'android.support.v7.widget.FitWindowsFrameLayout { void setOnFitSystemWindowsListener(android.support.v7.widget.FitWindowsViewGroup$OnFitSystemWindowsListener); }', but not the descriptor class 'android.support.v7.widget.FitWindowsViewGroup$OnFitSystemWindowsListener'
Note: the configuration keeps the entry point 'android.support.v7.widget.FitWindowsLinearLayout { void setOnFitSystemWindowsListener(android.support.v7.widget.FitWindowsViewGroup$OnFitSystemWindowsListener); }', but not the descriptor class 'android.support.v7.widget.FitWindowsViewGroup$OnFitSystemWindowsListener'
Note: the configuration keeps the entry point 'android.support.v7.widget.MenuPopupWindow$MenuDropDownListView { void setHoverListener(android.support.v7.widget.MenuItemHoverListener); }', but not the descriptor class 'android.support.v7.widget.MenuItemHoverListener'
Note: the configuration keeps the entry point 'android.support.v7.widget.RecyclerView { void setAccessibilityDelegateCompat(android.support.v7.widget.RecyclerViewAccessibilityDelegate); }', but not the descriptor class 'android.support.v7.widget.RecyclerViewAccessibilityDelegate'
Note: the configuration keeps the entry point 'android.support.v7.widget.RecyclerView { void setAdapter(android.support.v7.widget.RecyclerView$Adapter); }', but not the descriptor class 'android.support.v7.widget.RecyclerView$Adapter'
Note: the configuration keeps the entry point 'android.support.v7.widget.RecyclerView { void setRecyclerListener(android.support.v7.widget.RecyclerView$RecyclerListener); }', but not the descriptor class 'android.support.v7.widget.RecyclerView$RecyclerListener'
Note: the configuration keeps the entry point 'android.support.v7.widget.RecyclerView { void setLayoutManager(android.support.v7.widget.RecyclerView$LayoutManager); }', but not the descriptor class 'android.support.v7.widget.RecyclerView$LayoutManager'
Note: the configuration keeps the entry point 'android.support.v7.widget.RecyclerView { void setOnFlingListener(android.support.v7.widget.RecyclerView$OnFlingListener); }', but not the descriptor class 'android.support.v7.widget.RecyclerView$OnFlingListener'
Note: the configuration keeps the entry point 'android.support.v7.widget.RecyclerView { void setRecycledViewPool(android.support.v7.widget.RecyclerView$RecycledViewPool); }', but not the descriptor class 'android.support.v7.widget.RecyclerView$RecycledViewPool'
Note: the configuration keeps the entry point 'android.support.v7.widget.RecyclerView { void setViewCacheExtension(android.support.v7.widget.RecyclerView$ViewCacheExtension); }', but not the descriptor class 'android.support.v7.widget.RecyclerView$ViewCacheExtension'
Note: the configuration keeps the entry point 'android.support.v7.widget.RecyclerView { void setChildDrawingOrderCallback(android.support.v7.widget.RecyclerView$ChildDrawingOrderCallback); }', but not the descriptor class 'android.support.v7.widget.RecyclerView$ChildDrawingOrderCallback'
Note: the configuration keeps the entry point 'android.support.v7.widget.RecyclerView { void setOnScrollListener(android.support.v7.widget.RecyclerView$OnScrollListener); }', but not the descriptor class 'android.support.v7.widget.RecyclerView$OnScrollListener'
Note: the configuration keeps the entry point 'android.support.v7.widget.RecyclerView { void setEdgeEffectFactory(android.support.v7.widget.RecyclerView$EdgeEffectFactory); }', but not the descriptor class 'android.support.v7.widget.RecyclerView$EdgeEffectFactory'
Note: the configuration keeps the entry point 'android.support.v7.widget.RecyclerView { void setItemAnimator(android.support.v7.widget.RecyclerView$ItemAnimator); }', but not the descriptor class 'android.support.v7.widget.RecyclerView$ItemAnimator'
Note: the configuration keeps the entry point 'android.support.v7.widget.SearchView { void setOnQueryTextListener(android.support.v7.widget.SearchView$OnQueryTextListener); }', but not the descriptor class 'android.support.v7.widget.SearchView$OnQueryTextListener'
Note: the configuration keeps the entry point 'android.support.v7.widget.SearchView { void setOnCloseListener(android.support.v7.widget.SearchView$OnCloseListener); }', but not the descriptor class 'android.support.v7.widget.SearchView$OnCloseListener'
Note: the configuration keeps the entry point 'android.support.v7.widget.SearchView { void setOnSuggestionListener(android.support.v7.widget.SearchView$OnSuggestionListener); }', but not the descriptor class 'android.support.v7.widget.SearchView$OnSuggestionListener'
Note: the configuration keeps the entry point 'android.support.v7.widget.SearchView { void setSuggestionsAdapter(android.support.v4.widget.CursorAdapter); }', but not the descriptor class 'android.support.v4.widget.CursorAdapter'
Note: the configuration keeps the entry point 'android.support.v7.widget.SearchView$SearchAutoComplete { void setSearchView(android.support.v7.widget.SearchView); }', but not the descriptor class 'android.support.v7.widget.SearchView'
Note: the configuration keeps the entry point 'android.support.v7.widget.Toolbar { void setOnMenuItemClickListener(android.support.v7.widget.Toolbar$OnMenuItemClickListener); }', but not the descriptor class 'android.support.v7.widget.Toolbar$OnMenuItemClickListener'
Note: the configuration keeps the entry point 'android.support.v7.widget.ViewStubCompat { void setOnInflateListener(android.support.v7.widget.ViewStubCompat$OnInflateListener); }', but not the descriptor class 'android.support.v7.widget.ViewStubCompat$OnInflateListener'
Note: the configuration keeps the entry point 'com.github.barteksc.pdfviewer.PDFView { void setOnPageChangeListener(com.github.barteksc.pdfviewer.listener.OnPageChangeListener); }', but not the descriptor class 'com.github.barteksc.pdfviewer.listener.OnPageChangeListener'
Note: the configuration keeps the entry point 'com.github.barteksc.pdfviewer.PDFView { void setOnPageScrollListener(com.github.barteksc.pdfviewer.listener.OnPageScrollListener); }', but not the descriptor class 'com.github.barteksc.pdfviewer.listener.OnPageScrollListener'
Note: the configuration keeps the entry point 'com.github.barteksc.pdfviewer.PDFView { void setOnRenderListener(com.github.barteksc.pdfviewer.listener.OnRenderListener); }', but not the descriptor class 'com.github.barteksc.pdfviewer.listener.OnRenderListener'
Note: the configuration keeps the entry point 'com.github.barteksc.pdfviewer.PDFView { void setOnTapListener(com.github.barteksc.pdfviewer.listener.OnTapListener); }', but not the descriptor class 'com.github.barteksc.pdfviewer.listener.OnTapListener'
Note: the configuration keeps the entry point 'com.github.barteksc.pdfviewer.PDFView { void setOnDrawListener(com.github.barteksc.pdfviewer.listener.OnDrawListener); }', but not the descriptor class 'com.github.barteksc.pdfviewer.listener.OnDrawListener'
Note: the configuration keeps the entry point 'com.github.barteksc.pdfviewer.PDFView { void setOnDrawAllListener(com.github.barteksc.pdfviewer.listener.OnDrawListener); }', but not the descriptor class 'com.github.barteksc.pdfviewer.listener.OnDrawListener'
Note: the configuration keeps the entry point 'com.github.barteksc.pdfviewer.PDFView { void setOnPageErrorListener(com.github.barteksc.pdfviewer.listener.OnPageErrorListener); }', but not the descriptor class 'com.github.barteksc.pdfviewer.listener.OnPageErrorListener'
Note: the configuration keeps the entry point 'com.github.barteksc.pdfviewer.PDFView { void setScrollHandle(com.github.barteksc.pdfviewer.scroll.ScrollHandle); }', but not the descriptor class 'com.github.barteksc.pdfviewer.scroll.ScrollHandle'
Note: the configuration keeps the entry point 'com.github.barteksc.pdfviewer.scroll.DefaultScrollHandle { void setupLayout(com.github.barteksc.pdfviewer.PDFView); }', but not the descriptor class 'com.github.barteksc.pdfviewer.PDFView'
Note: the configuration keeps the entry point 'es.voghdev.pdfviewpager.library.RemotePDFViewPager { void setDownloader(es.voghdev.pdfviewpager.library.remote.DownloadFile); }', but not the descriptor class 'es.voghdev.pdfviewpager.library.remote.DownloadFile'
Note: there were 5 references to unknown classes.
      You should check your configuration for typos.
      (http://proguard.sourceforge.net/manual/troubleshooting.html#unknownclass)
Note: there were 1 classes trying to access generic signatures using reflection.
      You should consider keeping the signature attributes
      (using '-keepattributes Signature').
      (http://proguard.sourceforge.net/manual/troubleshooting.html#attributes)
Note: there were 57 unkept descriptor classes in kept class members.
      You should consider explicitly keeping the mentioned classes
      (using '-keep').
      (http://proguard.sourceforge.net/manual/troubleshooting.html#descriptorclass)
Note: there were 8 unresolved dynamic references to classes or interfaces.
      You should check if you need to specify additional program jars.
      (http://proguard.sourceforge.net/manual/troubleshooting.html#dynamicalclass)
Warning: there were 6 unresolved references to classes or interfaces.
         You may need to add missing library jars or update their versions.
         If your code works fine without the missing classes, you can suppress
         the warnings with '-dontwarn' options.
         (http://proguard.sourceforge.net/manual/troubleshooting.html#unresolvedclass)
